
[2014-03-06 09:55:36] comm.INFO: Request denied while inserting the details for place: 1978
[2014-03-06 09:55:36] comm.INFO: We have inserted details for: 46 places
[2014-03-06 10:22:59] comm.INFO: Place: 1978 not found
[2014-03-06 10:23:21] comm.INFO: We have inserted details for: 39 places
[2014-03-06 10:54:17] comm.INFO: Place: 1978 not found while inserting photos
[2014-03-06 10:54:58] comm.INFO: We have inserted photos for: 85 places
[2014-03-06 10:57:45] comm.INFO: We have inserted photos for: 1 places
[2014-03-06 12:30:56] comm.INFO: We have inserted reviews for: 1 places
[2014-03-06 12:35:27] comm.INFO: Place: 1978 not found while inserting reviews
[2014-03-06 12:35:45] comm.INFO: We have inserted reviews for: 85 places
[2014-03-06 13:12:02] comm.INFO: Inserting places from lat 46.701731to lat46.71
[2014-03-06 13:12:02] comm.INFO: Inserting places from long 23.748214to long23.748214
[2014-03-06 13:13:40] comm.INFO: We have inserted: 7 places
[2014-03-06 13:32:59] comm.INFO: We have inserted details for: 7 places
[2014-03-06 13:33:03] comm.INFO: We have inserted photos for: 7 places
[2014-03-06 13:33:05] comm.INFO: We have inserted reviews for: 7 places

[2014-03-07 10:45:26] comm.INFO: Inserting places from lat 46.71 to lat 46.72
[2014-03-07 10:45:26] comm.INFO: Inserting places from long 23.748214 to long 23.748214
[2014-03-07 10:48:51] comm.INFO: We have made: 58 querys to search for places
[2014-03-07 10:49:12] comm.INFO: We have inserted details for: 40 places
[2014-03-07 10:49:36] comm.INFO: We have inserted photos for: 40 places
[2014-03-07 10:49:49] comm.INFO: We have inserted reviews for: 40 places
[2014-03-07 10:53:25] comm.INFO: Inserting places from lat 46.72 to lat 46.725
[2014-03-07 10:53:25] comm.INFO: Inserting places from long 23.748214 to long 23.748214
[2014-03-07 10:55:10] comm.INFO: We have made: 29 querys to search for places
[2014-03-07 10:55:10] comm.INFO: We have inserted details for: 0 places
[2014-03-07 10:55:10] comm.INFO: We have inserted photos for: 0 places
[2014-03-07 10:55:10] comm.INFO: We have inserted reviews for: 0 places
[2014-03-07 11:47:41] comm.INFO: Inserting places from lat 46.725 to lat 46.73
[2014-03-07 11:47:41] comm.INFO: Inserting places from long 23.748214 to long 23.748214
[2014-03-07 11:49:30] comm.INFO: We have made: 29 querys to search for places
[2014-03-07 11:49:43] comm.INFO: We have inserted details for: 22 places
[2014-03-07 11:50:01] comm.INFO: We have inserted photos for: 22 places
[2014-03-07 11:50:08] comm.INFO: We have inserted reviews for: 22 places
[2014-03-07 12:00:43] comm.INFO: Inserting places from lat 46.73 to lat 46.735
[2014-03-07 12:00:43] comm.INFO: Inserting places from long 23.748214 to long 23.748214
[2014-03-07 12:03:01] comm.INFO: We have made: 29 querys to search for places
[2014-03-07 12:03:26] comm.INFO: We have inserted details for: 43 places
[2014-03-07 12:03:59] comm.INFO: We have inserted photos for: 43 places
[2014-03-07 12:04:12] comm.INFO: We have inserted reviews for: 43 places
[2014-03-10 08:05:44] comm.INFO: Inserting places from lat 46.735 to lat 46.74
[2014-03-10 08:05:44] comm.INFO: Inserting places from long 23.748214 to long 23.748214
[2014-03-10 08:08:40] comm.INFO: We have made: 29 querys to search for places
[2014-03-10 08:09:47] comm.INFO: We have inserted details for: 117 places
[2014-03-10 08:10:51] comm.INFO: We have inserted photos for: 117 places
[2014-03-10 08:11:27] comm.INFO: We have inserted reviews for: 117 places
[2014-03-11 11:06:03] comm.INFO: Inserting places from lat 46.74 to lat 46.745
[2014-03-11 11:06:03] comm.INFO: Inserting places from long 23.748214 to long 23.748214
[2014-03-11 11:11:04] comm.INFO: Inserting places from lat 46.74 to lat 46.745
[2014-03-11 11:11:04] comm.INFO: Inserting places from long 23.748214 to long 23.748214
[2014-03-11 11:17:52] comm.INFO: Inserting places from lat 46.74 to lat 46.745
[2014-03-11 11:17:52] comm.INFO: Inserting places from long 23.748214 to long 23.748214
[2014-03-11 11:21:42] comm.INFO: We have made: 29 querys to search for places
[2014-03-11 11:22:14] comm.INFO: Place: 2324 was deleted because it already exists
[2014-03-11 11:23:23] comm.INFO: We have inserted details for: 148 places
[2014-03-11 11:24:42] comm.INFO: We have inserted photos for: 148 places
[2014-03-11 11:25:31] comm.INFO: We have inserted reviews for: 148 places
[2014-03-21 10:16:24] comm.INFO: We have made: 6 querys to insert all details
[2014-03-21 10:21:08] comm.INFO: We have made: 0 querys to insert all details
[2014-03-21 10:21:43] comm.INFO: We have made: 0 querys to insert all details
[2014-03-21 10:32:49] comm.INFO: We have made: 17 querys to insert all details
[2014-03-21 10:37:02] comm.INFO: We have made: 0 querys to insert all details
[2014-03-21 10:37:56] comm.INFO: We have made: 0 querys to insert all details
[2014-03-21 10:38:28] comm.INFO: We have made: 0 querys to insert all details
[2014-03-21 10:49:30] comm.INFO: We have made: 0 querys to insert all details
[2014-03-21 10:50:53] comm.INFO: We have made: 0 querys to insert all details
[2014-03-21 10:52:36] comm.INFO: We have made: 0 querys to insert all details
[2014-03-21 10:54:57] comm.INFO: We have made: 3 querys to insert all details
[2014-03-21 10:55:29] comm.INFO: We have made: 1 querys to insert all details
[2014-03-21 10:57:09] comm.INFO: We have made: 0 querys to insert all details
[2014-03-21 11:02:58] comm.INFO: We have made: 0 querys to insert all details
[2014-03-21 11:03:59] comm.INFO: We have made: 0 querys to insert all details
[2014-03-21 11:04:34] comm.INFO: We have made: 0 querys to insert all details
[2014-03-21 11:05:19] comm.INFO: We have made: 0 querys to insert all details
[2014-03-21 11:12:58] comm.INFO: We have made: 0 querys to insert all details
[2014-03-21 14:38:40] comm.INFO: We have made: 0 querys to insert all details
[2014-03-21 16:38:35] comm.INFO: We have made: 0 querys to insert all details
[2014-03-21 16:40:42] comm.INFO: We have made: 0 querys to insert all details
[2014-03-21 16:46:41] comm.INFO: We have made: 0 querys to insert all details
[2014-03-21 16:48:31] comm.INFO: We have made: 0 querys to insert all details
[2014-03-21 16:49:09] comm.INFO: We have made: 0 querys to insert all details
[2014-03-21 16:49:45] comm.INFO: We have made: 0 querys to insert all details
[2014-03-21 16:49:54] comm.INFO: We have made: 0 querys to insert all details
[2014-03-21 16:50:37] comm.INFO: We have made: 0 querys to insert all details
[2014-03-24 10:33:57] comm.INFO: We have made: 1 querys to insert all details
[2014-03-24 10:35:21] comm.INFO: We have made: 0 querys to insert all details
[2014-03-24 10:36:04] comm.INFO: We have made: 1 querys to insert all details
[2014-03-24 10:36:51] comm.INFO: We have made: 1 querys to insert all details
[2014-03-24 11:38:57] comm.INFO: We have made: 0 querys to insert all details
[2014-03-24 11:40:03] comm.INFO: We have made: 0 querys to insert all details
[2014-03-24 11:52:33] comm.INFO: We have made: 1 querys to insert all details
[2014-03-24 11:52:45] comm.INFO: We have made: 1 querys to insert all details
[2014-03-24 11:53:04] comm.INFO: We have made: 1 querys to insert all details
[2014-03-24 11:53:40] comm.INFO: We have made: 0 querys to insert all details
[2014-03-24 11:53:52] comm.INFO: We have made: 1 querys to insert all details
[2014-03-24 11:54:09] comm.INFO: We have made: 1 querys to insert all details
[2014-03-24 11:54:23] comm.INFO: We have made: 1 querys to insert all details
[2014-03-24 15:09:13] comm.INFO: We have made: 0 querys to insert all details
[2014-03-24 15:09:17] comm.INFO: We have made: 1 querys to insert all details
[2014-03-24 15:14:11] comm.INFO: We have made: 0 querys to insert all details
[2014-03-24 15:14:22] comm.INFO: We have made: 1 querys to insert all details
[2014-03-24 15:35:46] comm.INFO: We have made: 0 querys to insert all details
[2014-03-24 15:36:51] comm.INFO: We have made: 1 querys to insert all details
[2014-03-24 16:58:01] comm.INFO: We have made: 0 querys to insert all details
[2014-03-24 16:58:16] comm.INFO: We have made: 0 querys to insert all details
